{"/spotify-radio/public/controller/js/controller.js": {"path":"/spotify-radio/public/controller/js/controller.js","statementMap":{"0":{"start":{"line":3,"column":8},"end":{"line":3,"column":24}},"1":{"start":{"line":4,"column":8},"end":{"line":4,"column":30}},"2":{"start":{"line":8,"column":27},"end":{"line":8,"column":55}},"3":{"start":{"line":9,"column":8},"end":{"line":9,"column":27}},"4":{"start":{"line":10,"column":8},"end":{"line":10,"column":25}},"5":{"start":{"line":14,"column":8},"end":{"line":16,"column":10}},"6":{"start":{"line":20,"column":8},"end":{"line":20,"column":70}},"7":{"start":{"line":21,"column":8},"end":{"line":21,"column":26}}},"fnMap":{"0":{"name":"(anonymous_0)","decl":{"start":{"line":2,"column":4},"end":{"line":2,"column":5}},"loc":{"start":{"line":2,"column":32},"end":{"line":5,"column":5}},"line":2},"1":{"name":"(anonymous_1)","decl":{"start":{"line":7,"column":4},"end":{"line":7,"column":5}},"loc":{"start":{"line":7,"column":35},"end":{"line":11,"column":5}},"line":7},"2":{"name":"(anonymous_2)","decl":{"start":{"line":13,"column":4},"end":{"line":13,"column":5}},"loc":{"start":{"line":13,"column":31},"end":{"line":17,"column":5}},"line":13},"3":{"name":"(anonymous_3)","decl":{"start":{"line":19,"column":4},"end":{"line":19,"column":5}},"loc":{"start":{"line":19,"column":12},"end":{"line":22,"column":5}},"line":19}},"branchMap":{},"s":{"0":4,"1":4,"2":1,"3":1,"4":1,"5":1,"6":1,"7":1},"f":{"0":4,"1":1,"2":1,"3":1},"b":{},"_coverageSchema":"1a1c01bbd47fc00a2c39e90264f33305004495a9","hash":"a0d79f030be51d04e548eca72cb607a13aa0351b"}
,"/spotify-radio/public/controller/js/service.js": {"path":"/spotify-radio/public/controller/js/service.js","statementMap":{"0":{"start":{"line":3,"column":8},"end":{"line":3,"column":22}},"1":{"start":{"line":7,"column":23},"end":{"line":10,"column":10}},"2":{"start":{"line":11,"column":8},"end":{"line":11,"column":28}}},"fnMap":{"0":{"name":"(anonymous_0)","decl":{"start":{"line":2,"column":4},"end":{"line":2,"column":5}},"loc":{"start":{"line":2,"column":22},"end":{"line":4,"column":5}},"line":2},"1":{"name":"(anonymous_1)","decl":{"start":{"line":6,"column":4},"end":{"line":6,"column":5}},"loc":{"start":{"line":6,"column":27},"end":{"line":12,"column":5}},"line":6}},"branchMap":{},"s":{"0":1,"1":1,"2":1},"f":{"0":1,"1":1},"b":{},"_coverageSchema":"1a1c01bbd47fc00a2c39e90264f33305004495a9","hash":"c1c9d7aab8078800cbb1ecacbb5b9f442dd684c8"}
,"/spotify-radio/public/controller/js/view.js": {"path":"/spotify-radio/public/controller/js/view.js","statementMap":{"0":{"start":{"line":3,"column":8},"end":{"line":3,"column":56}},"1":{"start":{"line":4,"column":8},"end":{"line":4,"column":54}},"2":{"start":{"line":5,"column":8},"end":{"line":5,"column":76}},"3":{"start":{"line":5,"column":29},"end":{"line":5,"column":76}},"4":{"start":{"line":7,"column":8},"end":{"line":7,"column":52}},"5":{"start":{"line":9,"column":8},"end":{"line":9,"column":36}},"6":{"start":{"line":11,"column":8},"end":{"line":11,"column":38}},"7":{"start":{"line":15,"column":8},"end":{"line":15,"column":42}},"8":{"start":{"line":16,"column":8},"end":{"line":16,"column":62}},"9":{"start":{"line":20,"column":8},"end":{"line":26,"column":10}},"10":{"start":{"line":22,"column":23},"end":{"line":22,"column":46}},"11":{"start":{"line":23,"column":12},"end":{"line":23,"column":43}},"12":{"start":{"line":25,"column":12},"end":{"line":25,"column":38}},"13":{"start":{"line":30,"column":8},"end":{"line":30,"column":28}},"14":{"start":{"line":38,"column":24},"end":{"line":38,"column":33}},"15":{"start":{"line":39,"column":8},"end":{"line":39,"column":38}},"16":{"start":{"line":40,"column":8},"end":{"line":40,"column":29}},"17":{"start":{"line":41,"column":8},"end":{"line":41,"column":47}},"18":{"start":{"line":43,"column":8},"end":{"line":45,"column":48}},"19":{"start":{"line":44,"column":23},"end":{"line":44,"column":54}},"20":{"start":{"line":49,"column":21},"end":{"line":49,"column":48}},"21":{"start":{"line":50,"column":8},"end":{"line":50,"column":41}},"22":{"start":{"line":50,"column":35},"end":{"line":50,"column":41}},"23":{"start":{"line":51,"column":8},"end":{"line":54,"column":9}},"24":{"start":{"line":52,"column":12},"end":{"line":52,"column":51}},"25":{"start":{"line":53,"column":12},"end":{"line":53,"column":18}},"26":{"start":{"line":56,"column":8},"end":{"line":56,"column":52}},"27":{"start":{"line":65,"column":12},"end":{"line":65,"column":15}},"28":{"start":{"line":67,"column":8},"end":{"line":67,"column":47}},"29":{"start":{"line":68,"column":8},"end":{"line":68,"column":40}},"30":{"start":{"line":69,"column":8},"end":{"line":72,"column":9}},"31":{"start":{"line":70,"column":18},"end":{"line":70,"column":57}},"32":{"start":{"line":76,"column":8},"end":{"line":79,"column":9}},"33":{"start":{"line":77,"column":12},"end":{"line":77,"column":35}},"34":{"start":{"line":78,"column":12},"end":{"line":78,"column":18}},"35":{"start":{"line":81,"column":8},"end":{"line":81,"column":34}},"36":{"start":{"line":89,"column":8},"end":{"line":89,"column":34}},"37":{"start":{"line":90,"column":8},"end":{"line":90,"column":46}},"38":{"start":{"line":92,"column":8},"end":{"line":92,"column":41}},"39":{"start":{"line":96,"column":24},"end":{"line":96,"column":49}},"40":{"start":{"line":98,"column":7},"end":{"line":98,"column":70}},"41":{"start":{"line":98,"column":40},"end":{"line":98,"column":68}},"42":{"start":{"line":102,"column":8},"end":{"line":106,"column":9}},"43":{"start":{"line":103,"column":12},"end":{"line":103,"column":49}},"44":{"start":{"line":104,"column":12},"end":{"line":104,"column":51}},"45":{"start":{"line":105,"column":12},"end":{"line":105,"column":18}},"46":{"start":{"line":108,"column":8},"end":{"line":108,"column":48}},"47":{"start":{"line":109,"column":8},"end":{"line":109,"column":44}}},"fnMap":{"0":{"name":"(anonymous_0)","decl":{"start":{"line":2,"column":4},"end":{"line":2,"column":5}},"loc":{"start":{"line":2,"column":17},"end":{"line":12,"column":5}},"line":2},"1":{"name":"(anonymous_1)","decl":{"start":{"line":5,"column":23},"end":{"line":5,"column":24}},"loc":{"start":{"line":5,"column":29},"end":{"line":5,"column":76}},"line":5},"2":{"name":"onBtnClick","decl":{"start":{"line":8,"column":23},"end":{"line":8,"column":33}},"loc":{"start":{"line":8,"column":35},"end":{"line":8,"column":37}},"line":8},"3":{"name":"(anonymous_3)","decl":{"start":{"line":14,"column":4},"end":{"line":14,"column":5}},"loc":{"start":{"line":14,"column":12},"end":{"line":17,"column":5}},"line":14},"4":{"name":"(anonymous_4)","decl":{"start":{"line":19,"column":4},"end":{"line":19,"column":5}},"loc":{"start":{"line":19,"column":44},"end":{"line":27,"column":5}},"line":19},"5":{"name":"(anonymous_5)","decl":{"start":{"line":21,"column":17},"end":{"line":21,"column":18}},"loc":{"start":{"line":21,"column":24},"end":{"line":26,"column":9}},"line":21},"6":{"name":"onClickReset","decl":{"start":{"line":24,"column":21},"end":{"line":24,"column":33}},"loc":{"start":{"line":24,"column":35},"end":{"line":24,"column":37}},"line":24},"7":{"name":"(anonymous_7)","decl":{"start":{"line":29,"column":4},"end":{"line":29,"column":5}},"loc":{"start":{"line":29,"column":27},"end":{"line":31,"column":5}},"line":29},"8":{"name":"(anonymous_8)","decl":{"start":{"line":33,"column":4},"end":{"line":33,"column":5}},"loc":{"start":{"line":37,"column":6},"end":{"line":46,"column":5}},"line":37},"9":{"name":"(anonymous_9)","decl":{"start":{"line":44,"column":16},"end":{"line":44,"column":17}},"loc":{"start":{"line":44,"column":23},"end":{"line":44,"column":54}},"line":44},"10":{"name":"(anonymous_10)","decl":{"start":{"line":48,"column":4},"end":{"line":48,"column":5}},"loc":{"start":{"line":48,"column":23},"end":{"line":57,"column":5}},"line":48},"11":{"name":"(anonymous_11)","decl":{"start":{"line":59,"column":4},"end":{"line":59,"column":5}},"loc":{"start":{"line":59,"column":29},"end":{"line":73,"column":5}},"line":59},"12":{"name":"(anonymous_12)","decl":{"start":{"line":70,"column":12},"end":{"line":70,"column":13}},"loc":{"start":{"line":70,"column":18},"end":{"line":70,"column":57}},"line":70},"13":{"name":"(anonymous_13)","decl":{"start":{"line":75,"column":4},"end":{"line":75,"column":5}},"loc":{"start":{"line":75,"column":38},"end":{"line":82,"column":5}},"line":75},"14":{"name":"(anonymous_14)","decl":{"start":{"line":84,"column":4},"end":{"line":84,"column":5}},"loc":{"start":{"line":88,"column":6},"end":{"line":93,"column":5}},"line":88},"15":{"name":"(anonymous_15)","decl":{"start":{"line":95,"column":4},"end":{"line":95,"column":5}},"loc":{"start":{"line":95,"column":30},"end":{"line":99,"column":5}},"line":95},"16":{"name":"(anonymous_16)","decl":{"start":{"line":98,"column":32},"end":{"line":98,"column":33}},"loc":{"start":{"line":98,"column":40},"end":{"line":98,"column":68}},"line":98},"17":{"name":"(anonymous_17)","decl":{"start":{"line":101,"column":4},"end":{"line":101,"column":5}},"loc":{"start":{"line":101,"column":33},"end":{"line":110,"column":5}},"line":101}},"branchMap":{"0":{"loc":{"start":{"line":19,"column":32},"end":{"line":19,"column":43}},"type":"default-arg","locations":[{"start":{"line":19,"column":39},"end":{"line":19,"column":43}}],"line":19},"1":{"loc":{"start":{"line":22,"column":23},"end":{"line":22,"column":46}},"type":"cond-expr","locations":[{"start":{"line":22,"column":30},"end":{"line":22,"column":35}},{"start":{"line":22,"column":38},"end":{"line":22,"column":46}}],"line":22},"2":{"loc":{"start":{"line":50,"column":8},"end":{"line":50,"column":41}},"type":"if","locations":[{"start":{"line":50,"column":8},"end":{"line":50,"column":41}},{"start":{},"end":{}}],"line":50},"3":{"loc":{"start":{"line":51,"column":8},"end":{"line":54,"column":9}},"type":"if","locations":[{"start":{"line":51,"column":8},"end":{"line":54,"column":9}},{"start":{},"end":{}}],"line":51},"4":{"loc":{"start":{"line":76,"column":8},"end":{"line":79,"column":9}},"type":"if","locations":[{"start":{"line":76,"column":8},"end":{"line":79,"column":9}},{"start":{},"end":{}}],"line":76},"5":{"loc":{"start":{"line":101,"column":19},"end":{"line":101,"column":32}},"type":"default-arg","locations":[{"start":{"line":101,"column":28},"end":{"line":101,"column":32}}],"line":101},"6":{"loc":{"start":{"line":102,"column":8},"end":{"line":106,"column":9}},"type":"if","locations":[{"start":{"line":102,"column":8},"end":{"line":106,"column":9}},{"start":{},"end":{}}],"line":102}},"s":{"0":17,"1":17,"2":17,"3":1,"4":17,"5":17,"6":17,"7":1,"8":1,"9":2,"10":2,"11":2,"12":2,"13":1,"14":1,"15":1,"16":1,"17":1,"18":1,"19":1,"20":3,"21":3,"22":1,"23":2,"24":1,"25":1,"26":1,"27":1,"28":1,"29":1,"30":1,"31":1,"32":2,"33":1,"34":1,"35":1,"36":1,"37":1,"38":1,"39":2,"40":2,"41":2,"42":2,"43":1,"44":1,"45":1,"46":1,"47":1},"f":{"0":17,"1":1,"2":1,"3":1,"4":2,"5":2,"6":2,"7":1,"8":1,"9":1,"10":3,"11":1,"12":1,"13":2,"14":1,"15":2,"16":2,"17":2},"b":{"0":[1],"1":[1,1],"2":[1,2],"3":[1,1],"4":[1,1],"5":[1],"6":[1,1]},"_coverageSchema":"1a1c01bbd47fc00a2c39e90264f33305004495a9","hash":"e7d4bec801b35ea25630d88bcf53c849feb12a1a"}
,"/spotify-radio/server/config.js": {"path":"/spotify-radio/server/config.js","statementMap":{"0":{"start":{"line":4,"column":20},"end":{"line":4,"column":59}},"1":{"start":{"line":5,"column":13},"end":{"line":5,"column":38}},"2":{"start":{"line":6,"column":23},"end":{"line":6,"column":44}},"3":{"start":{"line":7,"column":24},"end":{"line":7,"column":46}},"4":{"start":{"line":8,"column":23},"end":{"line":8,"column":52}}},"fnMap":{},"branchMap":{},"s":{"0":3,"1":3,"2":3,"3":3,"4":3},"f":{},"b":{},"_coverageSchema":"1a1c01bbd47fc00a2c39e90264f33305004495a9","hash":"7fa54f7f0ad65c60bff757f0ed5c2b33dbfc06a3"}
,"/spotify-radio/server/controller.js": {"path":"/spotify-radio/server/controller.js","statementMap":{"0":{"start":{"line":6,"column":8},"end":{"line":6,"column":36}},"1":{"start":{"line":10,"column":8},"end":{"line":10,"column":51}},"2":{"start":{"line":14,"column":8},"end":{"line":14,"column":51}},"3":{"start":{"line":15,"column":23},"end":{"line":17,"column":9}},"4":{"start":{"line":19,"column":20},"end":{"line":19,"column":41}},"5":{"start":{"line":21,"column":8},"end":{"line":24,"column":9}},"6":{"start":{"line":22,"column":12},"end":{"line":22,"column":42}},"7":{"start":{"line":23,"column":12},"end":{"line":23,"column":25}},"8":{"start":{"line":26,"column":8},"end":{"line":29,"column":9}},"9":{"start":{"line":27,"column":12},"end":{"line":27,"column":41}},"10":{"start":{"line":28,"column":12},"end":{"line":28,"column":25}},"11":{"start":{"line":31,"column":25},"end":{"line":31,"column":61}},"12":{"start":{"line":32,"column":8},"end":{"line":32,"column":55}},"13":{"start":{"line":33,"column":8},"end":{"line":33,"column":45}},"14":{"start":{"line":35,"column":8},"end":{"line":35,"column":21}},"15":{"start":{"line":42,"column":12},"end":{"line":42,"column":45}},"16":{"start":{"line":44,"column":24},"end":{"line":47,"column":9}},"17":{"start":{"line":45,"column":12},"end":{"line":45,"column":54}},"18":{"start":{"line":46,"column":12},"end":{"line":46,"column":47}},"19":{"start":{"line":49,"column":8},"end":{"line":52,"column":9}}},"fnMap":{"0":{"name":"(anonymous_0)","decl":{"start":{"line":5,"column":4},"end":{"line":5,"column":5}},"loc":{"start":{"line":5,"column":17},"end":{"line":7,"column":5}},"line":5},"1":{"name":"(anonymous_1)","decl":{"start":{"line":9,"column":4},"end":{"line":9,"column":5}},"loc":{"start":{"line":9,"column":33},"end":{"line":11,"column":5}},"line":9},"2":{"name":"(anonymous_2)","decl":{"start":{"line":13,"column":4},"end":{"line":13,"column":5}},"loc":{"start":{"line":13,"column":34},"end":{"line":36,"column":5}},"line":13},"3":{"name":"(anonymous_3)","decl":{"start":{"line":38,"column":4},"end":{"line":38,"column":5}},"loc":{"start":{"line":38,"column":24},"end":{"line":53,"column":5}},"line":38},"4":{"name":"(anonymous_4)","decl":{"start":{"line":44,"column":24},"end":{"line":44,"column":25}},"loc":{"start":{"line":44,"column":30},"end":{"line":47,"column":9}},"line":44}},"branchMap":{"0":{"loc":{"start":{"line":21,"column":8},"end":{"line":24,"column":9}},"type":"if","locations":[{"start":{"line":21,"column":8},"end":{"line":24,"column":9}},{"start":{},"end":{}}],"line":21},"1":{"loc":{"start":{"line":26,"column":8},"end":{"line":29,"column":9}},"type":"if","locations":[{"start":{"line":26,"column":8},"end":{"line":29,"column":9}},{"start":{},"end":{}}],"line":26}},"s":{"0":6,"1":1,"2":3,"3":3,"4":3,"5":3,"6":1,"7":1,"8":2,"9":1,"10":1,"11":1,"12":1,"13":1,"14":1,"15":1,"16":1,"17":1,"18":1,"19":1},"f":{"0":6,"1":1,"2":3,"3":1,"4":1},"b":{"0":[1,2],"1":[1,1]},"_coverageSchema":"1a1c01bbd47fc00a2c39e90264f33305004495a9","hash":"94cfa38503dc96cfcc73248ddf8db4a9e0d14aa7"}
,"/spotify-radio/server/routes.js": {"path":"/spotify-radio/server/routes.js","statementMap":{"0":{"start":{"line":15,"column":4},"end":{"line":15,"column":10}},"1":{"start":{"line":17,"column":19},"end":{"line":17,"column":35}},"2":{"start":{"line":20,"column":28},"end":{"line":20,"column":35}},"3":{"start":{"line":22,"column":4},"end":{"line":28,"column":5}},"4":{"start":{"line":23,"column":8},"end":{"line":25,"column":10}},"5":{"start":{"line":27,"column":8},"end":{"line":27,"column":29}},"6":{"start":{"line":30,"column":4},"end":{"line":36,"column":5}},"7":{"start":{"line":33,"column":12},"end":{"line":33,"column":52}},"8":{"start":{"line":35,"column":8},"end":{"line":35,"column":36}},"9":{"start":{"line":38,"column":4},"end":{"line":44,"column":5}},"10":{"start":{"line":41,"column":12},"end":{"line":41,"column":58}},"11":{"start":{"line":43,"column":8},"end":{"line":43,"column":36}},"12":{"start":{"line":46,"column":4},"end":{"line":58,"column":5}},"13":{"start":{"line":50,"column":12},"end":{"line":50,"column":43}},"14":{"start":{"line":51,"column":8},"end":{"line":51,"column":38}},"15":{"start":{"line":52,"column":8},"end":{"line":55,"column":10}},"16":{"start":{"line":57,"column":8},"end":{"line":57,"column":36}},"17":{"start":{"line":60,"column":4},"end":{"line":65,"column":5}},"18":{"start":{"line":61,"column":21},"end":{"line":61,"column":48}},"19":{"start":{"line":62,"column":21},"end":{"line":62,"column":37}},"20":{"start":{"line":63,"column":23},"end":{"line":63,"column":59}},"21":{"start":{"line":64,"column":8},"end":{"line":64,"column":51}},"22":{"start":{"line":68,"column":4},"end":{"line":82,"column":5}},"23":{"start":{"line":72,"column":12},"end":{"line":72,"column":47}},"24":{"start":{"line":74,"column":28},"end":{"line":74,"column":46}},"25":{"start":{"line":75,"column":8},"end":{"line":79,"column":9}},"26":{"start":{"line":76,"column":12},"end":{"line":78,"column":14}},"27":{"start":{"line":81,"column":8},"end":{"line":81,"column":36}},"28":{"start":{"line":84,"column":4},"end":{"line":84,"column":27}},"29":{"start":{"line":85,"column":4},"end":{"line":85,"column":25}},"30":{"start":{"line":89,"column":4},"end":{"line":93,"column":5}},"31":{"start":{"line":90,"column":8},"end":{"line":90,"column":53}},"32":{"start":{"line":91,"column":8},"end":{"line":91,"column":31}},"33":{"start":{"line":92,"column":8},"end":{"line":92,"column":29}},"34":{"start":{"line":95,"column":4},"end":{"line":95,"column":53}},"35":{"start":{"line":96,"column":4},"end":{"line":96,"column":27}},"36":{"start":{"line":97,"column":4},"end":{"line":97,"column":25}},"37":{"start":{"line":101,"column":4},"end":{"line":102,"column":49}},"38":{"start":{"line":102,"column":20},"end":{"line":102,"column":48}}},"fnMap":{"0":{"name":"routes","decl":{"start":{"line":19,"column":15},"end":{"line":19,"column":21}},"loc":{"start":{"line":19,"column":42},"end":{"line":86,"column":1}},"line":19},"1":{"name":"handleError","decl":{"start":{"line":88,"column":9},"end":{"line":88,"column":20}},"loc":{"start":{"line":88,"column":37},"end":{"line":98,"column":1}},"line":88},"2":{"name":"handler","decl":{"start":{"line":100,"column":16},"end":{"line":100,"column":23}},"loc":{"start":{"line":100,"column":45},"end":{"line":103,"column":1}},"line":100},"3":{"name":"(anonymous_3)","decl":{"start":{"line":102,"column":11},"end":{"line":102,"column":12}},"loc":{"start":{"line":102,"column":20},"end":{"line":102,"column":48}},"line":102}},"branchMap":{"0":{"loc":{"start":{"line":22,"column":4},"end":{"line":28,"column":5}},"type":"if","locations":[{"start":{"line":22,"column":4},"end":{"line":28,"column":5}},{"start":{},"end":{}}],"line":22},"1":{"loc":{"start":{"line":22,"column":7},"end":{"line":22,"column":38}},"type":"binary-expr","locations":[{"start":{"line":22,"column":7},"end":{"line":22,"column":23}},{"start":{"line":22,"column":27},"end":{"line":22,"column":38}}],"line":22},"2":{"loc":{"start":{"line":30,"column":4},"end":{"line":36,"column":5}},"type":"if","locations":[{"start":{"line":30,"column":4},"end":{"line":36,"column":5}},{"start":{},"end":{}}],"line":30},"3":{"loc":{"start":{"line":30,"column":7},"end":{"line":30,"column":42}},"type":"binary-expr","locations":[{"start":{"line":30,"column":7},"end":{"line":30,"column":23}},{"start":{"line":30,"column":27},"end":{"line":30,"column":42}}],"line":30},"4":{"loc":{"start":{"line":38,"column":4},"end":{"line":44,"column":5}},"type":"if","locations":[{"start":{"line":38,"column":4},"end":{"line":44,"column":5}},{"start":{},"end":{}}],"line":38},"5":{"loc":{"start":{"line":38,"column":7},"end":{"line":38,"column":48}},"type":"binary-expr","locations":[{"start":{"line":38,"column":7},"end":{"line":38,"column":23}},{"start":{"line":38,"column":27},"end":{"line":38,"column":48}}],"line":38},"6":{"loc":{"start":{"line":46,"column":4},"end":{"line":58,"column":5}},"type":"if","locations":[{"start":{"line":46,"column":4},"end":{"line":58,"column":5}},{"start":{},"end":{}}],"line":46},"7":{"loc":{"start":{"line":46,"column":7},"end":{"line":46,"column":50}},"type":"binary-expr","locations":[{"start":{"line":46,"column":7},"end":{"line":46,"column":23}},{"start":{"line":46,"column":27},"end":{"line":46,"column":50}}],"line":46},"8":{"loc":{"start":{"line":60,"column":4},"end":{"line":65,"column":5}},"type":"if","locations":[{"start":{"line":60,"column":4},"end":{"line":65,"column":5}},{"start":{},"end":{}}],"line":60},"9":{"loc":{"start":{"line":60,"column":7},"end":{"line":60,"column":49}},"type":"binary-expr","locations":[{"start":{"line":60,"column":7},"end":{"line":60,"column":24}},{"start":{"line":60,"column":28},"end":{"line":60,"column":49}}],"line":60},"10":{"loc":{"start":{"line":68,"column":4},"end":{"line":82,"column":5}},"type":"if","locations":[{"start":{"line":68,"column":4},"end":{"line":82,"column":5}},{"start":{},"end":{}}],"line":68},"11":{"loc":{"start":{"line":75,"column":8},"end":{"line":79,"column":9}},"type":"if","locations":[{"start":{"line":75,"column":8},"end":{"line":79,"column":9}},{"start":{},"end":{}}],"line":75},"12":{"loc":{"start":{"line":89,"column":4},"end":{"line":93,"column":5}},"type":"if","locations":[{"start":{"line":89,"column":4},"end":{"line":93,"column":5}},{"start":{},"end":{}}],"line":89}},"s":{"0":1,"1":1,"2":10,"3":10,"4":1,"5":1,"6":9,"7":1,"8":1,"9":8,"10":1,"11":1,"12":7,"13":1,"14":1,"15":1,"16":1,"17":6,"18":1,"19":1,"20":1,"21":1,"22":5,"23":4,"24":2,"25":2,"26":1,"27":2,"28":1,"29":1,"30":2,"31":1,"32":1,"33":1,"34":1,"35":1,"36":1,"37":10,"38":2},"f":{"0":10,"1":2,"2":10,"3":2},"b":{"0":[1,9],"1":[10,8],"2":[1,8],"3":[9,7],"4":[1,7],"5":[8,6],"6":[1,6],"7":[7,5],"8":[1,5],"9":[6,2],"10":[4,1],"11":[1,1],"12":[1,1]},"_coverageSchema":"1a1c01bbd47fc00a2c39e90264f33305004495a9","hash":"aeb77dfca7d98d6425f765dfb29fd5558eb37fa0"}
,"/spotify-radio/server/service.js": {"path":"/spotify-radio/server/service.js","statementMap":{"0":{"start":{"line":26,"column":4},"end":{"line":26,"column":10}},"1":{"start":{"line":30,"column":8},"end":{"line":30,"column":38}},"2":{"start":{"line":31,"column":8},"end":{"line":31,"column":46}},"3":{"start":{"line":32,"column":8},"end":{"line":32,"column":31}},"4":{"start":{"line":33,"column":8},"end":{"line":33,"column":35}},"5":{"start":{"line":34,"column":8},"end":{"line":34,"column":33}},"6":{"start":{"line":38,"column":19},"end":{"line":38,"column":31}},"7":{"start":{"line":39,"column":29},"end":{"line":39,"column":46}},"8":{"start":{"line":40,"column":8},"end":{"line":40,"column":48}},"9":{"start":{"line":42,"column":8},"end":{"line":45,"column":9}},"10":{"start":{"line":49,"column":8},"end":{"line":49,"column":37}},"11":{"start":{"line":53,"column":8},"end":{"line":53,"column":46}},"12":{"start":{"line":57,"column":8},"end":{"line":85,"column":9}},"13":{"start":{"line":58,"column":25},"end":{"line":62,"column":13}},"14":{"start":{"line":67,"column":16},"end":{"line":67,"column":45}},"15":{"start":{"line":69,"column":12},"end":{"line":72,"column":14}},"16":{"start":{"line":74,"column":37},"end":{"line":74,"column":82}},"17":{"start":{"line":74,"column":68},"end":{"line":74,"column":81}},"18":{"start":{"line":75,"column":12},"end":{"line":75,"column":56}},"19":{"start":{"line":75,"column":22},"end":{"line":75,"column":56}},"20":{"start":{"line":77,"column":12},"end":{"line":80,"column":36}},"21":{"start":{"line":83,"column":12},"end":{"line":83,"column":57}},"22":{"start":{"line":84,"column":12},"end":{"line":84,"column":34}},"23":{"start":{"line":89,"column":8},"end":{"line":103,"column":10}},"24":{"start":{"line":91,"column":16},"end":{"line":99,"column":17}},"25":{"start":{"line":93,"column":20},"end":{"line":96,"column":21}},"26":{"start":{"line":94,"column":24},"end":{"line":94,"column":53}},"27":{"start":{"line":95,"column":24},"end":{"line":95,"column":33}},"28":{"start":{"line":98,"column":20},"end":{"line":98,"column":39}},"29":{"start":{"line":101,"column":16},"end":{"line":101,"column":20}},"30":{"start":{"line":107,"column":8},"end":{"line":107,"column":56}},"31":{"start":{"line":108,"column":24},"end":{"line":108,"column":104}},"32":{"start":{"line":109,"column":34},"end":{"line":109,"column":80}},"33":{"start":{"line":110,"column":29},"end":{"line":110,"column":91}},"34":{"start":{"line":111,"column":8},"end":{"line":116,"column":9}},"35":{"start":{"line":120,"column":8},"end":{"line":120,"column":39}},"36":{"start":{"line":124,"column":8},"end":{"line":124,"column":44}},"37":{"start":{"line":128,"column":29},"end":{"line":128,"column":56}},"38":{"start":{"line":129,"column":8},"end":{"line":129,"column":45}},"39":{"start":{"line":130,"column":25},"end":{"line":130,"column":46}},"40":{"start":{"line":131,"column":8},"end":{"line":134,"column":9}},"41":{"start":{"line":141,"column":12},"end":{"line":141,"column":40}},"42":{"start":{"line":143,"column":8},"end":{"line":146,"column":9}},"43":{"start":{"line":150,"column":22},"end":{"line":150,"column":59}},"44":{"start":{"line":151,"column":27},"end":{"line":151,"column":90}},"45":{"start":{"line":151,"column":50},"end":{"line":151,"column":89}},"46":{"start":{"line":152,"column":8},"end":{"line":152,"column":81}},"47":{"start":{"line":152,"column":24},"end":{"line":152,"column":81}},"48":{"start":{"line":154,"column":8},"end":{"line":154,"column":49}},"49":{"start":{"line":158,"column":38},"end":{"line":158,"column":71}},"50":{"start":{"line":159,"column":8},"end":{"line":162,"column":9}},"51":{"start":{"line":164,"column":23},"end":{"line":175,"column":9}},"52":{"start":{"line":165,"column":36},"end":{"line":165,"column":84}},"53":{"start":{"line":167,"column":12},"end":{"line":167,"column":58}},"54":{"start":{"line":168,"column":12},"end":{"line":168,"column":50}},"55":{"start":{"line":169,"column":12},"end":{"line":169,"column":65}},"56":{"start":{"line":171,"column":12},"end":{"line":174,"column":13}},"57":{"start":{"line":177,"column":8},"end":{"line":177,"column":51}},"58":{"start":{"line":178,"column":8},"end":{"line":178,"column":38}},"59":{"start":{"line":179,"column":8},"end":{"line":179,"column":59}},"60":{"start":{"line":183,"column":32},"end":{"line":183,"column":45}},"61":{"start":{"line":185,"column":21},"end":{"line":194,"column":9}},"62":{"start":{"line":199,"column":12},"end":{"line":199,"column":41}},"63":{"start":{"line":202,"column":8},"end":{"line":205,"column":9}},"64":{"start":{"line":207,"column":8},"end":{"line":210,"column":9}},"65":{"start":{"line":212,"column":8},"end":{"line":212,"column":30}}},"fnMap":{"0":{"name":"(anonymous_0)","decl":{"start":{"line":29,"column":4},"end":{"line":29,"column":5}},"loc":{"start":{"line":29,"column":18},"end":{"line":35,"column":5}},"line":29},"1":{"name":"(anonymous_1)","decl":{"start":{"line":37,"column":4},"end":{"line":37,"column":5}},"loc":{"start":{"line":37,"column":24},"end":{"line":46,"column":5}},"line":37},"2":{"name":"(anonymous_2)","decl":{"start":{"line":48,"column":4},"end":{"line":48,"column":5}},"loc":{"start":{"line":48,"column":26},"end":{"line":50,"column":5}},"line":48},"3":{"name":"(anonymous_3)","decl":{"start":{"line":52,"column":4},"end":{"line":52,"column":5}},"loc":{"start":{"line":52,"column":28},"end":{"line":54,"column":5}},"line":52},"4":{"name":"(anonymous_4)","decl":{"start":{"line":56,"column":4},"end":{"line":56,"column":5}},"loc":{"start":{"line":56,"column":26},"end":{"line":86,"column":5}},"line":56},"5":{"name":"(anonymous_5)","decl":{"start":{"line":74,"column":58},"end":{"line":74,"column":59}},"loc":{"start":{"line":74,"column":68},"end":{"line":74,"column":81}},"line":74},"6":{"name":"(anonymous_6)","decl":{"start":{"line":88,"column":4},"end":{"line":88,"column":5}},"loc":{"start":{"line":88,"column":15},"end":{"line":104,"column":5}},"line":88},"7":{"name":"(anonymous_7)","decl":{"start":{"line":90,"column":19},"end":{"line":90,"column":20}},"loc":{"start":{"line":90,"column":39},"end":{"line":102,"column":13}},"line":90},"8":{"name":"(anonymous_8)","decl":{"start":{"line":106,"column":4},"end":{"line":106,"column":5}},"loc":{"start":{"line":106,"column":27},"end":{"line":117,"column":5}},"line":106},"9":{"name":"(anonymous_9)","decl":{"start":{"line":119,"column":4},"end":{"line":119,"column":5}},"loc":{"start":{"line":119,"column":20},"end":{"line":121,"column":5}},"line":119},"10":{"name":"(anonymous_10)","decl":{"start":{"line":123,"column":4},"end":{"line":123,"column":5}},"loc":{"start":{"line":123,"column":30},"end":{"line":125,"column":5}},"line":123},"11":{"name":"(anonymous_11)","decl":{"start":{"line":127,"column":4},"end":{"line":127,"column":5}},"loc":{"start":{"line":127,"column":27},"end":{"line":135,"column":5}},"line":127},"12":{"name":"(anonymous_12)","decl":{"start":{"line":137,"column":4},"end":{"line":137,"column":5}},"loc":{"start":{"line":137,"column":29},"end":{"line":147,"column":5}},"line":137},"13":{"name":"(anonymous_13)","decl":{"start":{"line":149,"column":4},"end":{"line":149,"column":5}},"loc":{"start":{"line":149,"column":30},"end":{"line":155,"column":5}},"line":149},"14":{"name":"(anonymous_14)","decl":{"start":{"line":151,"column":38},"end":{"line":151,"column":39}},"loc":{"start":{"line":151,"column":50},"end":{"line":151,"column":89}},"line":151},"15":{"name":"(anonymous_15)","decl":{"start":{"line":157,"column":4},"end":{"line":157,"column":5}},"loc":{"start":{"line":157,"column":22},"end":{"line":180,"column":5}},"line":157},"16":{"name":"(anonymous_16)","decl":{"start":{"line":164,"column":23},"end":{"line":164,"column":24}},"loc":{"start":{"line":164,"column":29},"end":{"line":175,"column":9}},"line":164},"17":{"name":"(anonymous_17)","decl":{"start":{"line":182,"column":4},"end":{"line":182,"column":5}},"loc":{"start":{"line":182,"column":37},"end":{"line":213,"column":5}},"line":182}},"branchMap":{"0":{"loc":{"start":{"line":75,"column":12},"end":{"line":75,"column":56}},"type":"if","locations":[{"start":{"line":75,"column":12},"end":{"line":75,"column":56}},{"start":{},"end":{}}],"line":75},"1":{"loc":{"start":{"line":93,"column":20},"end":{"line":96,"column":21}},"type":"if","locations":[{"start":{"line":93,"column":20},"end":{"line":96,"column":21}},{"start":{},"end":{}}],"line":93},"2":{"loc":{"start":{"line":152,"column":8},"end":{"line":152,"column":81}},"type":"if","locations":[{"start":{"line":152,"column":8},"end":{"line":152,"column":81}},{"start":{},"end":{}}],"line":152}},"s":{"0":3,"1":22,"2":22,"3":22,"4":22,"5":22,"6":1,"7":1,"8":1,"9":1,"10":1,"11":1,"12":2,"13":2,"14":2,"15":2,"16":2,"17":4,"18":2,"19":1,"20":1,"21":1,"22":1,"23":1,"24":1,"25":2,"26":1,"27":1,"28":1,"29":1,"30":1,"31":1,"32":1,"33":1,"34":1,"35":2,"36":2,"37":1,"38":1,"39":1,"40":1,"41":1,"42":1,"43":2,"44":2,"45":1,"46":2,"47":1,"48":1,"49":1,"50":1,"51":1,"52":1,"53":1,"54":1,"55":1,"56":1,"57":1,"58":1,"59":1,"60":1,"61":1,"62":1,"63":1,"64":1,"65":1},"f":{"0":22,"1":1,"2":1,"3":1,"4":2,"5":4,"6":1,"7":1,"8":1,"9":2,"10":2,"11":1,"12":1,"13":2,"14":1,"15":1,"16":1,"17":1},"b":{"0":[1,1],"1":[1,1],"2":[1,1]},"_coverageSchema":"1a1c01bbd47fc00a2c39e90264f33305004495a9","hash":"4c818e51c76256597bb3bc935dd529ab25158a3b"}
,"/spotify-radio/server/util.js": {"path":"/spotify-radio/server/util.js","statementMap":{"0":{"start":{"line":3,"column":12},"end":{"line":11,"column":2}},"1":{"start":{"line":13,"column":22},"end":{"line":13,"column":25}}},"fnMap":{},"branchMap":{},"s":{"0":3,"1":3},"f":{},"b":{},"_coverageSchema":"1a1c01bbd47fc00a2c39e90264f33305004495a9","hash":"8046f063b8b4a8f1672901a70cfb329eeaacd776"}
,"/spotify-radio/tests/unit/_util/testUtil.js": {"path":"/spotify-radio/tests/unit/_util/testUtil.js","statementMap":{"0":{"start":{"line":6,"column":8},"end":{"line":14,"column":10}},"1":{"start":{"line":8,"column":16},"end":{"line":10,"column":17}},"2":{"start":{"line":9,"column":20},"end":{"line":9,"column":35}},"3":{"start":{"line":12,"column":16},"end":{"line":12,"column":31}},"4":{"start":{"line":18,"column":8},"end":{"line":23,"column":10}},"5":{"start":{"line":20,"column":16},"end":{"line":20,"column":31}},"6":{"start":{"line":21,"column":16},"end":{"line":21,"column":31}},"7":{"start":{"line":27,"column":30},"end":{"line":27,"column":85}},"8":{"start":{"line":28,"column":25},"end":{"line":28,"column":58}},"9":{"start":{"line":29,"column":21},"end":{"line":39,"column":9}},"10":{"start":{"line":41,"column":8},"end":{"line":44,"column":9}},"11":{"start":{"line":42,"column":26},"end":{"line":42,"column":45}}},"fnMap":{"0":{"name":"(anonymous_0)","decl":{"start":{"line":5,"column":4},"end":{"line":5,"column":5}},"loc":{"start":{"line":5,"column":39},"end":{"line":15,"column":5}},"line":5},"1":{"name":"(anonymous_1)","decl":{"start":{"line":7,"column":12},"end":{"line":7,"column":13}},"loc":{"start":{"line":7,"column":18},"end":{"line":13,"column":13}},"line":7},"2":{"name":"(anonymous_2)","decl":{"start":{"line":17,"column":4},"end":{"line":17,"column":5}},"loc":{"start":{"line":17,"column":41},"end":{"line":24,"column":5}},"line":17},"3":{"name":"(anonymous_3)","decl":{"start":{"line":19,"column":12},"end":{"line":19,"column":13}},"loc":{"start":{"line":19,"column":33},"end":{"line":22,"column":13}},"line":19},"4":{"name":"(anonymous_4)","decl":{"start":{"line":26,"column":4},"end":{"line":26,"column":5}},"loc":{"start":{"line":26,"column":32},"end":{"line":45,"column":5}},"line":26},"5":{"name":"(anonymous_5)","decl":{"start":{"line":42,"column":20},"end":{"line":42,"column":21}},"loc":{"start":{"line":42,"column":26},"end":{"line":42,"column":45}},"line":42}},"branchMap":{},"s":{"0":30,"1":5,"2":5,"3":5,"4":18,"5":1,"6":1,"7":10,"8":10,"9":10,"10":10,"11":10},"f":{"0":30,"1":5,"2":18,"3":1,"4":10,"5":10},"b":{},"_coverageSchema":"1a1c01bbd47fc00a2c39e90264f33305004495a9","hash":"d40ebfa978d5543181bd03ade38bf4498016c3d8"}
}
