TN:
SF:server/config.js
FNF:0
FNH:0
DA:4,3
DA:5,3
DA:6,3
DA:7,3
DA:8,3
LF:5
LH:5
BRF:0
BRH:0
end_of_record
TN:
SF:server/controller.js
FN:5,(anonymous_0)
FN:9,(anonymous_1)
FN:13,(anonymous_2)
FN:34,(anonymous_3)
FN:40,(anonymous_4)
FNF:5
FNH:5
FNDA:6,(anonymous_0)
FNDA:1,(anonymous_1)
FNDA:3,(anonymous_2)
FNDA:1,(anonymous_3)
FNDA:1,(anonymous_4)
DA:6,6
DA:10,1
DA:14,3
DA:15,3
DA:19,3
DA:21,3
DA:22,1
DA:23,1
DA:26,2
DA:27,1
DA:28,1
DA:31,1
DA:38,1
DA:40,1
DA:41,1
DA:42,1
DA:45,1
LF:17
LH:17
BRDA:21,0,0,1
BRDA:21,0,1,2
BRDA:26,1,0,1
BRDA:26,1,1,1
BRF:4
BRH:4
end_of_record
TN:
SF:server/routes.js
FN:19,routes
FN:88,handleError
FN:100,handler
FN:102,(anonymous_3)
FNF:4
FNH:4
FNDA:10,routes
FNDA:2,handleError
FNDA:10,handler
FNDA:2,(anonymous_3)
DA:15,1
DA:17,1
DA:20,10
DA:22,10
DA:23,1
DA:27,1
DA:30,9
DA:33,1
DA:35,1
DA:38,8
DA:41,1
DA:43,1
DA:46,7
DA:50,1
DA:51,1
DA:52,1
DA:57,1
DA:60,6
DA:61,1
DA:62,1
DA:63,1
DA:64,1
DA:68,5
DA:72,4
DA:74,2
DA:75,2
DA:76,1
DA:81,2
DA:84,1
DA:85,1
DA:89,2
DA:90,1
DA:91,1
DA:92,1
DA:95,1
DA:96,1
DA:97,1
DA:101,10
DA:102,2
LF:39
LH:39
BRDA:22,0,0,1
BRDA:22,0,1,9
BRDA:22,1,0,10
BRDA:22,1,1,8
BRDA:30,2,0,1
BRDA:30,2,1,8
BRDA:30,3,0,9
BRDA:30,3,1,7
BRDA:38,4,0,1
BRDA:38,4,1,7
BRDA:38,5,0,8
BRDA:38,5,1,6
BRDA:46,6,0,1
BRDA:46,6,1,6
BRDA:46,7,0,7
BRDA:46,7,1,5
BRDA:60,8,0,1
BRDA:60,8,1,5
BRDA:60,9,0,6
BRDA:60,9,1,2
BRDA:68,10,0,4
BRDA:68,10,1,1
BRDA:75,11,0,1
BRDA:75,11,1,1
BRDA:89,12,0,1
BRDA:89,12,1,1
BRF:26
BRH:26
end_of_record
TN:
SF:server/service.js
FN:25,(anonymous_0)
FN:33,(anonymous_1)
FN:44,(anonymous_2)
FN:48,(anonymous_3)
FN:52,(anonymous_4)
FN:70,(anonymous_5)
FN:84,(anonymous_6)
FN:86,(anonymous_7)
FN:102,(anonymous_8)
FN:115,(anonymous_9)
FN:119,(anonymous_10)
FN:123,(anonymous_11)
FN:133,(anonymous_12)
FNF:13
FNH:13
FNDA:18,(anonymous_0)
FNDA:1,(anonymous_1)
FNDA:1,(anonymous_2)
FNDA:1,(anonymous_3)
FNDA:2,(anonymous_4)
FNDA:4,(anonymous_5)
FNDA:1,(anonymous_6)
FNDA:1,(anonymous_7)
FNDA:1,(anonymous_8)
FNDA:2,(anonymous_9)
FNDA:2,(anonymous_10)
FNDA:1,(anonymous_11)
FNDA:1,(anonymous_12)
DA:22,3
DA:26,18
DA:27,18
DA:28,18
DA:29,18
DA:30,18
DA:34,1
DA:35,1
DA:36,1
DA:38,1
DA:45,1
DA:49,1
DA:53,2
DA:54,2
DA:63,2
DA:65,2
DA:70,4
DA:71,2
DA:73,1
DA:79,1
DA:80,1
DA:85,1
DA:87,1
DA:89,2
DA:90,1
DA:91,1
DA:94,1
DA:97,1
DA:103,1
DA:104,1
DA:105,1
DA:106,1
DA:107,1
DA:116,2
DA:120,2
DA:124,1
DA:125,1
DA:126,1
DA:127,1
DA:137,1
DA:139,1
LF:41
LH:41
BRDA:71,0,0,1
BRDA:71,0,1,1
BRDA:89,1,0,1
BRDA:89,1,1,1
BRF:4
BRH:4
end_of_record
TN:
SF:server/util.js
FNF:0
FNH:0
DA:3,3
DA:13,3
LF:2
LH:2
BRF:0
BRH:0
end_of_record
TN:
SF:tests/unit/_util/testUtil.js
FN:5,(anonymous_0)
FN:7,(anonymous_1)
FN:17,(anonymous_2)
FN:19,(anonymous_3)
FN:26,(anonymous_4)
FN:42,(anonymous_5)
FNF:6
FNH:6
FNDA:26,(anonymous_0)
FNDA:5,(anonymous_1)
FNDA:16,(anonymous_2)
FNDA:1,(anonymous_3)
FNDA:10,(anonymous_4)
FNDA:10,(anonymous_5)
DA:6,26
DA:8,5
DA:9,5
DA:12,5
DA:18,16
DA:20,1
DA:21,1
DA:27,10
DA:28,10
DA:29,10
DA:41,10
DA:42,10
LF:12
LH:12
BRF:0
BRH:0
end_of_record
